C51 COMPILER V9.59.0.0   EXAMPLE                                                           07/19/2018 02:45:04 PAGE 1   


C51 COMPILER V9.59.0.0, COMPILATION OF MODULE EXAMPLE
OBJECT MODULE PLACED IN .\Objects\example.obj
COMPILER INVOKED BY: D:\Program Files\Keil\C51\BIN\C51.EXE example.c OPTIMIZE(8,SPEED) BROWSE INCDIR(.\inc) DEFINE(VS,EN
                    -DWITHThe_Comma) DEBUG OBJECTEXTEND PRINT(.\Listings\example.lst) TABS(2) OBJECT(.\Objects\example.obj)

line level    source

   1          #include "string.h"
   2          #include "reg51.h"
   3          
   4          #include "example.h"
   5          
   6          #if defined(VS)
   7          #include "math.h"
   8          #endif
   9          #define PI (3.14)
  10          typedef WORD  unsigned short;
*** ERROR C129 IN LINE 10 OF example.c: missing ';' before 'unsigned'
  11          typedef SWORD signed short;
  12          BOOL data _bool islonger
  13          void wait(WORD us)
  14          {
  15            WORD i=0,j=0;
  16            for(;i<us;i++)
  17            {
  18                for(j=0;j<1000;i++)
  19            }
  20          }
  21          
  22          void main()
  23          {
  24            if(islonger)
  25            {
  26            wait(2048);
  27            }
  28            else
  29            {
  30            wait(1024);
  31            }
  32          }

C51 COMPILATION COMPLETE.  0 WARNING(S),  1 ERROR(S)
